2026-02-21T01:08:44.690+01:00  INFO 10108 --- [voting-backend] [restartedMain] d.v.VotingBackendApplication             : Starting VotingBackendApplication using Java 17.0.12 with PID 10108 (C:\Users\User\source\repo\voting-system\voting-backend\target\classes started by danjel in C:\Users\User\source\repo\voting-system)
2026-02-21T01:08:44.696+01:00 DEBUG 10108 --- [voting-backend] [restartedMain] d.v.VotingBackendApplication             : Running with Spring Boot v3.2.0, Spring v6.1.1
2026-02-21T01:08:44.699+01:00  INFO 10108 --- [voting-backend] [restartedMain] d.v.VotingBackendApplication             : No active profile set, falling back to 1 default profile: "default"
2026-02-21T01:08:44.775+01:00  INFO 10108 --- [voting-backend] [restartedMain] .e.DevToolsPropertyDefaultsPostProcessor : Devtools property defaults active! Set 'spring.devtools.add-properties' to 'false' to disable
2026-02-21T01:08:44.775+01:00  INFO 10108 --- [voting-backend] [restartedMain] .e.DevToolsPropertyDefaultsPostProcessor : For additional web related logging consider setting the 'logging.level.web' property to 'DEBUG'
2026-02-21T01:08:46.558+01:00  INFO 10108 --- [voting-backend] [restartedMain] .s.d.r.c.RepositoryConfigurationDelegate : Bootstrapping Spring Data JPA repositories in DEFAULT mode.
2026-02-21T01:08:46.703+01:00  INFO 10108 --- [voting-backend] [restartedMain] .s.d.r.c.RepositoryConfigurationDelegate : Finished Spring Data repository scanning in 128 ms. Found 7 JPA repository interfaces.
2026-02-21T01:08:47.994+01:00  INFO 10108 --- [voting-backend] [restartedMain] o.s.b.w.embedded.tomcat.TomcatWebServer  : Tomcat initialized with port 8081 (http)
2026-02-21T01:08:48.009+01:00  INFO 10108 --- [voting-backend] [restartedMain] o.apache.catalina.core.StandardService   : Starting service [Tomcat]
2026-02-21T01:08:48.010+01:00  INFO 10108 --- [voting-backend] [restartedMain] o.apache.catalina.core.StandardEngine    : Starting Servlet engine: [Apache Tomcat/10.1.16]
2026-02-21T01:08:48.100+01:00  INFO 10108 --- [voting-backend] [restartedMain] o.a.c.c.C.[Tomcat].[localhost].[/]       : Initializing Spring embedded WebApplicationContext
2026-02-21T01:08:48.100+01:00  INFO 10108 --- [voting-backend] [restartedMain] w.s.c.ServletWebServerApplicationContext : Root WebApplicationContext: initialization completed in 3324 ms
2026-02-21T01:08:48.166+01:00  INFO 10108 --- [voting-backend] [restartedMain] com.zaxxer.hikari.HikariDataSource       : HikariPool-1 - Starting...
2026-02-21T01:08:49.600+01:00  INFO 10108 --- [voting-backend] [restartedMain] com.zaxxer.hikari.pool.HikariPool        : HikariPool-1 - Added connection org.postgresql.jdbc.PgConnection@2cf4eee6
2026-02-21T01:08:49.604+01:00  INFO 10108 --- [voting-backend] [restartedMain] com.zaxxer.hikari.HikariDataSource       : HikariPool-1 - Start completed.
2026-02-21T01:08:49.624+01:00  INFO 10108 --- [voting-backend] [restartedMain] o.s.b.a.h2.H2ConsoleAutoConfiguration    : H2 console available at '/h2-console'. Database available at 'jdbc:postgresql://localhost:5432/blockchain-voting'
2026-02-21T01:08:49.863+01:00  INFO 10108 --- [voting-backend] [restartedMain] o.hibernate.jpa.internal.util.LogHelper  : HHH000204: Processing PersistenceUnitInfo [name: default]
2026-02-21T01:08:49.973+01:00  INFO 10108 --- [voting-backend] [restartedMain] org.hibernate.Version                    : HHH000412: Hibernate ORM core version 6.3.1.Final
2026-02-21T01:08:50.052+01:00  INFO 10108 --- [voting-backend] [restartedMain] o.h.c.internal.RegionFactoryInitiator    : HHH000026: Second-level cache disabled
2026-02-21T01:08:50.540+01:00  INFO 10108 --- [voting-backend] [restartedMain] o.s.o.j.p.SpringPersistenceUnitInfo      : No LoadTimeWeaver setup: ignoring JPA class transformer
2026-02-21T01:08:50.681+01:00  WARN 10108 --- [voting-backend] [restartedMain] org.hibernate.orm.deprecation            : HHH90000025: PostgreSQLDialect does not need to be specified explicitly using 'hibernate.dialect' (remove the property setting and it will be selected by default)
2026-02-21T01:08:53.045+01:00  INFO 10108 --- [voting-backend] [restartedMain] o.h.e.t.j.p.i.JtaPlatformInitiator       : HHH000489: No JTA platform available (set 'hibernate.transaction.jta.platform' to enable JTA platform integration)
2026-02-21T01:08:53.552+01:00  INFO 10108 --- [voting-backend] [restartedMain] j.LocalContainerEntityManagerFactoryBean : Initialized JPA EntityManagerFactory for persistence unit 'default'
2026-02-21T01:08:54.227+01:00  INFO 10108 --- [voting-backend] [restartedMain] o.s.d.j.r.query.QueryEnhancerFactory     : Hibernate is in classpath; If applicable, HQL parser will be used.
2026-02-21T01:08:55.648+01:00 DEBUG 10108 --- [voting-backend] [restartedMain] d.v.config.JwtAuthenticationFilter       : Filter 'jwtAuthenticationFilter' configured for use
2026-02-21T01:08:59.238+01:00  INFO 10108 --- [voting-backend] [restartedMain] o.s.s.web.DefaultSecurityFilterChain     : Will secure any request with [org.springframework.security.web.session.DisableEncodeUrlFilter@4929a67e, org.springframework.security.web.context.request.async.WebAsyncManagerIntegrationFilter@1a404b7a, org.springframework.security.web.context.SecurityContextHolderFilter@98d80fd, org.springframework.security.web.header.HeaderWriterFilter@58fa071e, org.springframework.web.filter.CorsFilter@9a18d13, org.springframework.security.web.authentication.logout.LogoutFilter@14233dea, danjel.votingbackend.config.JwtAuthenticationFilter@3830a2be, org.springframework.security.web.savedrequest.RequestCacheAwareFilter@567549ba, org.springframework.security.web.servletapi.SecurityContextHolderAwareRequestFilter@4b580695, org.springframework.security.web.authentication.AnonymousAuthenticationFilter@7632a681, org.springframework.security.web.session.SessionManagementFilter@371f8357, org.springframework.security.web.access.ExceptionTranslationFilter@472b9071, org.springframework.security.web.access.intercept.AuthorizationFilter@3a0d26ff]
2026-02-21T01:08:59.966+01:00  INFO 10108 --- [voting-backend] [restartedMain] o.s.b.d.a.OptionalLiveReloadServer       : LiveReload server is running on port 35729
2026-02-21T01:09:00.034+01:00  INFO 10108 --- [voting-backend] [restartedMain] o.s.b.w.embedded.tomcat.TomcatWebServer  : Tomcat started on port 8081 (http) with context path ''
2026-02-21T01:09:00.052+01:00  INFO 10108 --- [voting-backend] [restartedMain] d.v.VotingBackendApplication             : Started VotingBackendApplication in 16.02 seconds (process running for 18.444)
2026-02-21T01:09:00.191+01:00  INFO 10108 --- [voting-backend] [http-nio-8081-exec-1] o.a.c.c.C.[Tomcat].[localhost].[/]       : Initializing Spring DispatcherServlet 'dispatcherServlet'
2026-02-21T01:09:00.191+01:00  INFO 10108 --- [voting-backend] [http-nio-8081-exec-1] o.s.web.servlet.DispatcherServlet        : Initializing Servlet 'dispatcherServlet'
2026-02-21T01:09:00.194+01:00  INFO 10108 --- [voting-backend] [http-nio-8081-exec-1] o.s.web.servlet.DispatcherServlet        : Completed initialization in 1 ms
2026-02-21T01:09:00.226+01:00  WARN 10108 --- [voting-backend] [http-nio-8081-exec-1] o.s.w.s.h.HandlerMappingIntrospector     : Cache miss for REQUEST dispatch to '/swagger-ui/index.html' (previous null). Performing MatchableHandlerMapping lookup. This is logged once only at WARN level, and every time at TRACE.
2026-02-21T01:09:00.244+01:00  INFO 10108 --- [voting-backend] [restartedMain] d.votingbackend.config.DataInitializer   : Database initialization completed
2026-02-21T01:09:02.060+01:00  INFO 10108 --- [voting-backend] [http-nio-8081-exec-8] o.springdoc.api.AbstractOpenApiResource  : Init duration for springdoc-openapi is: 1101 ms
